2023-05-24 15:11:24,398 P2295 [INFO] ************************************************************
2023-05-24 15:11:24,398 P2295 [INFO] ConfigSet _OnInstanceBoot
2023-05-24 15:11:24,400 P2295 [INFO] ++++++++++++++++++++++++++++++++++++++++++++++++++++++++++++
2023-05-24 15:11:24,400 P2295 [INFO] Config AWSEBBaseConfig
2023-05-24 15:11:24,557 P2295 [INFO] ============================================================
2023-05-24 15:11:24,557 P2295 [INFO] Command clearbackupfiles
2023-05-24 15:11:24,561 P2295 [INFO] Completed successfully.
2023-05-24 15:11:24,565 P2295 [INFO] ++++++++++++++++++++++++++++++++++++++++++++++++++++++++++++
2023-05-24 15:11:24,565 P2295 [INFO] Config AWSEBCfnHupEndpointOverride
2023-05-24 15:11:24,566 P2295 [INFO] ============================================================
2023-05-24 15:11:24,566 P2295 [INFO] Command clearbackupfiles
2023-05-24 15:11:24,569 P2295 [INFO] Completed successfully.
2023-05-24 15:11:47,344 P2468 [INFO] ************************************************************
2023-05-24 15:11:47,344 P2468 [INFO] ConfigSet Infra-EmbeddedPreBuild
2023-05-24 15:11:47,346 P2468 [INFO] ++++++++++++++++++++++++++++++++++++++++++++++++++++++++++++
2023-05-24 15:11:47,346 P2468 [INFO] Config prebuild_0_Jwellery
2023-05-24 15:11:47,354 P2468 [INFO] ++++++++++++++++++++++++++++++++++++++++++++++++++++++++++++
2023-05-24 15:11:47,354 P2468 [INFO] Config prebuild_1_Jwellery
2023-05-24 15:11:50,693 P2601 [INFO] ************************************************************
2023-05-24 15:11:50,693 P2601 [INFO] ConfigSet Infra-EmbeddedPostBuild
2023-05-24 15:24:32,499 P2878 [INFO] ************************************************************
2023-05-24 15:24:32,499 P2878 [INFO] ConfigSet Infra-EmbeddedPreBuild
2023-05-24 15:24:38,424 P3143 [INFO] ************************************************************
2023-05-24 15:24:38,424 P3143 [INFO] ConfigSet Infra-EmbeddedPostBuild
2023-05-24 15:41:20,439 P3627 [INFO] ************************************************************
2023-05-24 15:41:20,439 P3627 [INFO] ConfigSet Infra-EmbeddedPreBuild
2023-05-24 15:41:25,007 P3889 [INFO] ************************************************************
2023-05-24 15:41:25,007 P3889 [INFO] ConfigSet Infra-EmbeddedPostBuild
2023-05-24 16:05:22,203 P4463 [INFO] ************************************************************
2023-05-24 16:05:22,203 P4463 [INFO] ConfigSet Infra-EmbeddedPreBuild
2023-05-24 16:05:26,781 P4724 [INFO] ************************************************************
2023-05-24 16:05:26,781 P4724 [INFO] ConfigSet Infra-EmbeddedPostBuild
2023-05-24 16:16:50,081 P5137 [INFO] ************************************************************
2023-05-24 16:16:50,081 P5137 [INFO] ConfigSet Infra-EmbeddedPreBuild
2023-05-24 16:16:54,645 P5398 [INFO] ************************************************************
2023-05-24 16:16:54,645 P5398 [INFO] ConfigSet Infra-EmbeddedPostBuild
