[2023-05-24T15:11:23Z] Started EB User Data
+ SLEEP_TIME=2
+ SLEEP_TIME_MAX=3600
+ true
+ curl https://elasticbeanstalk-platform-assets-ap-south-1.s3.ap-south-1.amazonaws.com/stalks/eb_nodejs18_amazon_linux_2_1.0.2103.0_20230424235913/lib/UserDataScript.sh
  % Total    % Received % Xferd  Average Speed   Time    Time     Time  Current
                                 Dload  Upload   Total   Spent    Left  Speed
  0     0    0     0    0     0      0      0 --:--:-- --:--:-- --:--:--     0100  4627  100  4627    0     0   135k      0 --:--:-- --:--:-- --:--:--  136k
+ RESULT=0
+ [[ 0 -ne 0 ]]
+ /bin/bash /tmp/ebbootstrap.sh 'https://cloudformation-waitcondition-ap-south-1.s3.ap-south-1.amazonaws.com/arn%3Aaws%3Acloudformation%3Aap-south-1%3A075370605157%3Astack/awseb-e-iqggcrpkfm-stack/23bdc480-fa45-11ed-bf21-0223640e7e62/AWSEBInstanceLaunchWaitHandle?X-Amz-Algorithm=AWS4-HMAC-SHA256&X-Amz-Date=20230524T151042Z&X-Amz-SignedHeaders=host&X-Amz-Expires=86399&X-Amz-Credential=AKIARN2TU4VHANVLYVMW%2F20230524%2Fap-south-1%2Fs3%2Faws4_request&X-Amz-Signature=638657f15752fcde37786b617d410a8057e2264a1ea7f36a4148bcc9266e052c' arn:aws:cloudformation:ap-south-1:075370605157:stack/awseb-e-iqggcrpkfm-stack/23bdc480-fa45-11ed-bf21-0223640e7e62 aa1df3ff-ae14-4a44-91ea-395eb7c2b57a https://elasticbeanstalk-health.ap-south-1.amazonaws.com '' https://elasticbeanstalk-platform-assets-ap-south-1.s3.ap-south-1.amazonaws.com/stalks/eb_nodejs18_amazon_linux_2_1.0.2103.0_20230424235913 ap-south-1
[2023-05-24T15:11:23.848Z] Started EB Bootstrapping Script.
[2023-05-24T15:11:23.850Z] Received parameters:
 TARBALLS = 
 EB_GEMS = 
 SIGNAL_URL = https://cloudformation-waitcondition-ap-south-1.s3.ap-south-1.amazonaws.com/arn%3Aaws%3Acloudformation%3Aap-south-1%3A075370605157%3Astack/awseb-e-iqggcrpkfm-stack/23bdc480-fa45-11ed-bf21-0223640e7e62/AWSEBInstanceLaunchWaitHandle?X-Amz-Algorithm=AWS4-HMAC-SHA256&X-Amz-Date=20230524T151042Z&X-Amz-SignedHeaders=host&X-Amz-Expires=86399&X-Amz-Credential=AKIARN2TU4VHANVLYVMW%2F20230524%2Fap-south-1%2Fs3%2Faws4_request&X-Amz-Signature=638657f15752fcde37786b617d410a8057e2264a1ea7f36a4148bcc9266e052c
 STACK_ID = arn:aws:cloudformation:ap-south-1:075370605157:stack/awseb-e-iqggcrpkfm-stack/23bdc480-fa45-11ed-bf21-0223640e7e62
 REGION = ap-south-1
 GUID = 
 HEALTHD_GROUP_ID = aa1df3ff-ae14-4a44-91ea-395eb7c2b57a
 HEALTHD_ENDPOINT = https://elasticbeanstalk-health.ap-south-1.amazonaws.com
 PROXY_SERVER = 
 HEALTHD_PROXY_LOG_LOCATION = 
 PLATFORM_ASSETS_URL = https://elasticbeanstalk-platform-assets-ap-south-1.s3.ap-south-1.amazonaws.com/stalks/eb_nodejs18_amazon_linux_2_1.0.2103.0_20230424235913
[2023-05-24T15:11:23.856Z] engine url is set to https://elasticbeanstalk-platform-assets-ap-south-1.s3.ap-south-1.amazonaws.com/stalks/eb_nodejs18_amazon_linux_2_1.0.2103.0_20230424235913/lib/platform-engine.zip
[2023-05-24T15:11:23.860Z] first init of instance.
[2023-05-24T15:11:23.862Z] Started executing cfn_init _OnInstanceBoot.
[2023-05-24T15:11:23.864Z] Running cfn-init ConfigSet: _OnInstanceBoot.
[2023-05-24T15:11:23.866Z] Using stack-id from userdata
[2023-05-24T15:11:24.600Z] Command Returned: 
[2023-05-24T15:11:24.604Z] Completed executing cfn_init.
[2023-05-24T15:11:24.608Z] finished _OnInstanceBoot
--2023-05-24 15:11:24--  https://elasticbeanstalk-platform-assets-ap-south-1.s3.ap-south-1.amazonaws.com/stalks/eb_nodejs18_amazon_linux_2_1.0.2103.0_20230424235913/lib/platform-engine.zip
Resolving elasticbeanstalk-platform-assets-ap-south-1.s3.ap-south-1.amazonaws.com (elasticbeanstalk-platform-assets-ap-south-1.s3.ap-south-1.amazonaws.com)... 52.219.158.50
Connecting to elasticbeanstalk-platform-assets-ap-south-1.s3.ap-south-1.amazonaws.com (elasticbeanstalk-platform-assets-ap-south-1.s3.ap-south-1.amazonaws.com)|52.219.158.50|:443... connected.
HTTP request sent, awaiting response... 200 OK
Length: 20997229 (20M) [application/zip]
Saving to: ‘/tmp/platform-engine.zip’

     0K .......... .......... .......... .......... ..........  0% 18.8M 1s
    50K .......... .......... .......... .......... ..........  0% 36.8M 1s
   100K .......... .......... .......... .......... ..........  0% 41.4M 1s
   150K .......... .......... .......... .......... ..........  0% 57.0M 1s
   200K .......... .......... .......... .......... ..........  1% 59.6M 1s
   250K .......... .......... .......... .......... ..........  1% 31.8M 1s
   300K .......... .......... .......... .......... ..........  1% 49.4M 1s
   350K .......... .......... .......... .......... ..........  1% 57.1M 1s
   400K .......... .......... .......... .......... ..........  2% 89.4M 0s
   450K .......... .......... .......... .......... ..........  2% 86.5M 0s
   500K .......... .......... .......... .......... ..........  2% 25.5M 0s
   550K .......... .......... .......... .......... ..........  2% 52.1M 0s
   600K .......... .......... .......... .......... ..........  3% 89.2M 0s
   650K .......... .......... .......... .......... ..........  3% 90.7M 0s
   700K .......... .......... .......... .......... ..........  3% 25.5M 0s
   750K .......... .......... .......... .......... ..........  3% 58.1M 0s
   800K .......... .......... .......... .......... ..........  4% 83.1M 0s
   850K .......... .......... .......... .......... ..........  4% 89.3M 0s
   900K .......... .......... .......... .......... ..........  4% 26.5M 0s
   950K .......... .......... .......... .......... ..........  4% 65.1M 0s
  1000K .......... .......... .......... .......... ..........  5% 66.6M 0s
  1050K .......... .......... .......... .......... ..........  5% 86.6M 0s
  1100K .......... .......... .......... .......... ..........  5% 23.8M 0s
  1150K .......... .......... .......... .......... ..........  5% 89.7M 0s
  1200K .......... .......... .......... .......... ..........  6% 80.6M 0s
  1250K .......... .......... .......... .......... ..........  6% 88.7M 0s
  1300K .......... .......... .......... .......... ..........  6% 28.9M 0s
  1350K .......... .......... .......... .......... ..........  6% 59.8M 0s
  1400K .......... .......... .......... .......... ..........  7% 84.7M 0s
  1450K .......... .......... .......... .......... ..........  7% 88.6M 0s
  1500K .......... .......... .......... .......... ..........  7% 86.7M 0s
  1550K .......... .......... .......... .......... ..........  7% 91.9M 0s
  1600K .......... .......... .......... .......... ..........  8% 34.9M 0s
  1650K .......... .......... .......... .......... ..........  8% 56.3M 0s
  1700K .......... .......... .......... .......... ..........  8% 88.1M 0s
  1750K .......... .......... .......... .......... ..........  8% 92.2M 0s
  1800K .......... .......... .......... .......... ..........  9%  100M 0s
  1850K .......... .......... .......... .......... ..........  9% 88.0M 0s
  1900K .......... .......... .......... .......... ..........  9% 89.7M 0s
  1950K .......... .......... .......... .......... ..........  9% 69.4M 0s
  2000K .......... .......... .......... .......... ..........  9% 58.5M 0s
  2050K .......... .......... .......... .......... .......... 10% 87.5M 0s
  2100K .......... .......... .......... .......... .......... 10% 88.4M 0s
  2150K .......... .......... .......... .......... .......... 10% 87.6M 0s
  2200K .......... .......... .......... .......... .......... 10%  102M 0s
  2250K .......... .......... .......... .......... .......... 11% 37.2M 0s
  2300K .......... .......... .......... .......... .......... 11% 56.8M 0s
  2350K .......... .......... .......... .......... .......... 11% 87.5M 0s
  2400K .......... .......... .......... .......... .......... 11% 89.8M 0s
  2450K .......... .......... .......... .......... .......... 12% 28.8M 0s
  2500K .......... .......... .......... .......... .......... 12% 58.6M 0s
  2550K .......... .......... .......... .......... .......... 12% 87.8M 0s
  2600K .......... .......... .......... .......... .......... 12% 90.1M 0s
  2650K .......... .......... .......... .......... .......... 13%  105M 0s
  2700K .......... .......... .......... .......... .......... 13% 86.2M 0s
  2750K .......... .......... .......... .......... .......... 13% 84.8M 0s
  2800K .......... .......... .......... .......... .......... 13% 88.6M 0s
  2850K .......... .......... .......... .......... .......... 14% 91.7M 0s
  2900K .......... .......... .......... .......... .......... 14% 58.3M 0s
  2950K .......... .......... .......... .......... .......... 14% 88.4M 0s
  3000K .......... .......... .......... .......... .......... 14% 89.1M 0s
  3050K .......... .......... .......... .......... .......... 15%  102M 0s
  3100K .......... .......... .......... .......... .......... 15% 86.2M 0s
  3150K .......... .......... .......... .......... .......... 15% 89.8M 0s
  3200K .......... .......... .......... .......... .......... 15% 88.5M 0s
  3250K .......... .......... .......... .......... .......... 16% 89.8M 0s
  3300K .......... .......... .......... .......... .......... 16% 52.2M 0s
  3350K .......... .......... .......... .......... .......... 16% 86.1M 0s
  3400K .......... .......... .......... .......... .......... 16% 91.3M 0s
  3450K .......... .......... .......... .......... .......... 17% 93.3M 0s
  3500K .......... .......... .......... .......... .......... 17%  106M 0s
  3550K .......... .......... .......... .......... .......... 17% 82.5M 0s
  3600K .......... .......... .......... .......... .......... 17% 90.1M 0s
  3650K .......... .......... .......... .......... .......... 18% 84.8M 0s
  3700K .......... .......... .......... .......... .......... 18% 58.7M 0s
  3750K .......... .......... .......... .......... .......... 18% 85.5M 0s
  3800K .......... .......... .......... .......... .......... 18% 81.9M 0s
  3850K .......... .......... .......... .......... .......... 19% 90.7M 0s
  3900K .......... .......... .......... .......... .......... 19% 94.9M 0s
  3950K .......... .......... .......... .......... .......... 19% 90.4M 0s
  4000K .......... .......... .......... .......... .......... 19% 88.2M 0s
  4050K .......... .......... .......... .......... .......... 19% 91.4M 0s
  4100K .......... .......... .......... .......... .......... 20% 59.9M 0s
  4150K .......... .......... .......... .......... .......... 20% 83.0M 0s
  4200K .......... .......... .......... .......... .......... 20% 81.0M 0s
  4250K .......... .......... .......... .......... .......... 20% 89.0M 0s
  4300K .......... .......... .......... .......... .......... 21% 93.7M 0s
  4350K .......... .......... .......... .......... .......... 21%  101M 0s
  4400K .......... .......... .......... .......... .......... 21% 87.4M 0s
  4450K .......... .......... .......... .......... .......... 21% 87.4M 0s
  4500K .......... .......... .......... .......... .......... 22% 56.9M 0s
  4550K .......... .......... .......... .......... .......... 22% 85.0M 0s
  4600K .......... .......... .......... .......... .......... 22% 86.3M 0s
  4650K .......... .......... .......... .......... .......... 22% 87.0M 0s
  4700K .......... .......... .......... .......... .......... 23% 90.9M 0s
  4750K .......... .......... .......... .......... .......... 23%  104M 0s
  4800K .......... .......... .......... .......... .......... 23% 91.1M 0s
  4850K .......... .......... .......... .......... .......... 23% 55.6M 0s
  4900K .......... .......... .......... .......... .......... 24% 83.0M 0s
  4950K .......... .......... .......... .......... .......... 24% 87.6M 0s
  5000K .......... .......... .......... .......... .......... 24% 87.1M 0s
  5050K .......... .......... .......... .......... .......... 24% 91.6M 0s
  5100K .......... .......... .......... .......... .......... 25% 92.2M 0s
  5150K .......... .......... .......... .......... .......... 25% 91.0M 0s
  5200K .......... .......... .......... .......... .......... 25%  106M 0s
  5250K .......... .......... .......... .......... .......... 25% 87.1M 0s
  5300K .......... .......... .......... .......... .......... 26% 56.0M 0s
  5350K .......... .......... .......... .......... .......... 26% 82.1M 0s
  5400K .......... .......... .......... .......... .......... 26% 90.8M 0s
  5450K .......... .......... .......... .......... .......... 26% 88.8M 0s
  5500K .......... .......... .......... .......... .......... 27% 78.6M 0s
  5550K .......... .......... .......... .......... .......... 27% 87.8M 0s
  5600K .......... .......... .......... .......... .......... 27% 99.2M 0s
  5650K .......... .......... .......... .......... .......... 27% 57.7M 0s
  5700K .......... .......... .......... .......... .......... 28% 88.7M 0s
  5750K .......... .......... .......... .......... .......... 28% 88.4M 0s
  5800K .......... .......... .......... .......... .......... 28% 88.8M 0s
  5850K .......... .......... .......... .......... .......... 28% 83.7M 0s
  5900K .......... .......... .......... .......... .......... 29% 89.5M 0s
  5950K .......... .......... .......... .......... .......... 29% 89.5M 0s
  6000K .......... .......... .......... .......... .......... 29% 93.2M 0s
  6050K .......... .......... .......... .......... .......... 29% 62.5M 0s
  6100K .......... .......... .......... .......... .......... 29% 83.7M 0s
  6150K .......... .......... .......... .......... .......... 30% 89.1M 0s
  6200K .......... .......... .......... .......... .......... 30% 87.7M 0s
  6250K .......... .......... .......... .......... .......... 30% 92.9M 0s
  6300K .......... .......... .......... .......... .......... 30% 86.8M 0s
  6350K .......... .......... .......... .......... .......... 31% 88.3M 0s
  6400K .......... .......... .......... .......... .......... 31% 89.1M 0s
  6450K .......... .......... .......... .......... .......... 31% 60.7M 0s
  6500K .......... .......... .......... .......... .......... 31% 82.1M 0s
  6550K .......... .......... .......... .......... .......... 32% 87.9M 0s
  6600K .......... .......... .......... .......... .......... 32% 87.5M 0s
  6650K .......... .......... .......... .......... .......... 32% 88.4M 0s
  6700K .......... .......... .......... .......... .......... 32% 89.3M 0s
  6750K .......... .......... .......... .......... .......... 33% 83.7M 0s
  6800K .......... .......... .......... .......... .......... 33% 49.0M 0s
  6850K .......... .......... .......... .......... .......... 33% 84.7M 0s
  6900K .......... .......... .......... .......... .......... 33%  105M 0s
  6950K .......... .......... .......... .......... .......... 34% 84.3M 0s
  7000K .......... .......... .......... .......... .......... 34% 89.0M 0s
  7050K .......... .......... .......... .......... .......... 34% 90.1M 0s
  7100K .......... .......... .......... .......... .......... 34% 87.1M 0s
  7150K .......... .......... .......... .......... .......... 35% 47.4M 0s
  7200K .......... .......... .......... .......... .......... 35% 84.3M 0s
  7250K .......... .......... .......... .......... .......... 35% 88.4M 0s
  7300K .......... .......... .......... .......... .......... 35% 95.7M 0s
  7350K .......... .......... .......... .......... .......... 36% 88.2M 0s
  7400K .......... .......... .......... .......... .......... 36% 89.6M 0s
  7450K .......... .......... .......... .......... .......... 36% 91.3M 0s
  7500K .......... .......... .......... .......... .......... 36% 56.7M 0s
  7550K .......... .......... .......... .......... .......... 37% 85.9M 0s
  7600K .......... .......... .......... .......... .......... 37% 83.7M 0s
  7650K .......... .......... .......... .......... .......... 37% 87.5M 0s
  7700K .......... .......... .......... .......... .......... 37% 94.3M 0s
  7750K .......... .......... .......... .......... .......... 38%  102M 0s
  7800K .......... .......... .......... .......... .......... 38% 88.3M 0s
  7850K .......... .......... .......... .......... .......... 38% 3.12M 0s
  7900K .......... .......... .......... .......... .......... 38% 59.0M 0s
  7950K .......... .......... .......... .......... .......... 39%  104M 0s
  8000K .......... .......... .......... .......... .......... 39% 88.9M 0s
  8050K .......... .......... .......... .......... .......... 39% 83.4M 0s
  8100K .......... .......... .......... .......... .......... 39% 88.1M 0s
  8150K .......... .......... .......... .......... .......... 39% 81.3M 0s
  8200K .......... .......... .......... .......... .......... 40% 93.4M 0s
  8250K .......... .......... .......... .......... .......... 40% 89.6M 0s
  8300K .......... .......... .......... .......... .......... 40% 53.3M 0s
  8350K .......... .......... .......... .......... .......... 40% 94.3M 0s
  8400K .......... .......... .......... .......... .......... 41% 83.9M 0s
  8450K .......... .......... .......... .......... .......... 41% 81.7M 0s
  8500K .......... .......... .......... .......... .......... 41% 91.0M 0s
  8550K .......... .......... .......... .......... .......... 41% 93.7M 0s
  8600K .......... .......... .......... .......... .......... 42% 84.1M 0s
  8650K .......... .......... .......... .......... .......... 42% 87.4M 0s
  8700K .......... .......... .......... .......... .......... 42% 63.7M 0s
  8750K .......... .......... .......... .......... .......... 42% 84.0M 0s
  8800K .......... .......... .......... .......... .......... 43% 83.6M 0s
  8850K .......... .......... .......... .......... .......... 43%  102M 0s
  8900K .......... .......... .......... .......... .......... 43% 96.9M 0s
  8950K .......... .......... .......... .......... .......... 43% 88.6M 0s
  9000K .......... .......... .......... .......... .......... 44% 92.1M 0s
  9050K .......... .......... .......... .......... .......... 44% 87.5M 0s
  9100K .......... .......... .......... .......... .......... 44% 54.3M 0s
  9150K .......... .......... .......... .......... .......... 44% 88.8M 0s
  9200K .......... .......... .......... .......... .......... 45% 91.9M 0s
  9250K .......... .......... .......... .......... .......... 45% 93.7M 0s
  9300K .......... .......... .......... .......... .......... 45% 85.2M 0s
  9350K .......... .......... .......... .......... .......... 45% 90.1M 0s
  9400K .......... .......... .......... .......... .......... 46% 96.6M 0s
  9450K .......... .......... .......... .......... .......... 46% 87.8M 0s
  9500K .......... .......... .......... .......... .......... 46% 58.3M 0s
  9550K .......... .......... .......... .......... .......... 46% 84.0M 0s
  9600K .......... .......... .......... .......... .......... 47% 86.3M 0s
  9650K .......... .......... .......... .......... .......... 47% 87.2M 0s
  9700K .......... .......... .......... .......... .......... 47% 81.5M 0s
  9750K .......... .......... .......... .......... .......... 47%  101M 0s
  9800K .......... .......... .......... .......... .......... 48% 90.1M 0s
  9850K .......... .......... .......... .......... .......... 48% 56.9M 0s
  9900K .......... .......... .......... .......... .......... 48% 88.2M 0s
  9950K .......... .......... .......... .......... .......... 48% 84.5M 0s
 10000K .......... .......... .......... .......... .......... 49% 89.6M 0s
 10050K .......... .......... .......... .......... .......... 49% 86.3M 0s
 10100K .......... .......... .......... .......... .......... 49% 88.1M 0s
 10150K .......... .......... .......... .......... .......... 49% 90.2M 0s
 10200K .......... .......... .......... .......... .......... 49%  105M 0s
 10250K .......... .......... .......... .......... .......... 50% 60.3M 0s
 10300K .......... .......... .......... .......... .......... 50% 85.8M 0s
 10350K .......... .......... .......... .......... .......... 50% 90.4M 0s
 10400K .......... .......... .......... .......... .......... 50% 86.5M 0s
 10450K .......... .......... .......... .......... .......... 51% 95.7M 0s
 10500K .......... .......... .......... .......... .......... 51% 90.2M 0s
 10550K .......... .......... .......... .......... .......... 51% 88.4M 0s
 10600K .......... .......... .......... .......... .......... 51% 84.5M 0s
 10650K .......... .......... .......... .......... .......... 52% 61.8M 0s
 10700K .......... .......... .......... .......... .......... 52% 92.1M 0s
 10750K .......... .......... .......... .......... .......... 52% 82.3M 0s
 10800K .......... .......... .......... .......... .......... 52% 90.5M 0s
 10850K .......... .......... .......... .......... .......... 53% 96.6M 0s
 10900K .......... .......... .......... .......... .......... 53% 89.2M 0s
 10950K .......... .......... .......... .......... .......... 53% 88.8M 0s
 11000K .......... .......... .......... .......... .......... 53% 59.0M 0s
 11050K .......... .......... .......... .......... .......... 54% 80.1M 0s
 11100K .......... .......... .......... .......... .......... 54% 96.0M 0s
 11150K .......... .......... .......... .......... .......... 54% 82.7M 0s
 11200K .......... .......... .......... .......... .......... 54% 90.8M 0s
 11250K .......... .......... .......... .......... .......... 55% 91.2M 0s
 11300K .......... .......... .......... .......... .......... 55% 92.7M 0s
 11350K .......... .......... .......... .......... .......... 55% 84.8M 0s
 11400K .......... .......... .......... .......... .......... 55% 66.3M 0s
 11450K .......... .......... .......... .......... .......... 56% 86.5M 0s
 11500K .......... .......... .......... .......... .......... 56% 86.7M 0s
 11550K .......... .......... .......... .......... .......... 56% 86.2M 0s
 11600K .......... .......... .......... .......... .......... 56%  102M 0s
 11650K .......... .......... .......... .......... .......... 57% 94.2M 0s
 11700K .......... .......... .......... .......... .......... 57% 84.9M 0s
 11750K .......... .......... .......... .......... .......... 57% 83.3M 0s
 11800K .......... .......... .......... .......... .......... 57% 57.2M 0s
 11850K .......... .......... .......... .......... .......... 58% 89.7M 0s
 11900K .......... .......... .......... .......... .......... 58%  100M 0s
 11950K .......... .......... .......... .......... .......... 58% 90.6M 0s
 12000K .......... .......... .......... .......... .......... 58% 83.1M 0s
 12050K .......... .......... .......... .......... .......... 59% 84.3M 0s
 12100K .......... .......... .......... .......... .......... 59% 87.7M 0s
 12150K .......... .......... .......... .......... .......... 59% 86.4M 0s
 12200K .......... .......... .......... .......... .......... 59% 59.1M 0s
 12250K .......... .......... .......... .......... .......... 59% 89.9M 0s
 12300K .......... .......... .......... .......... .......... 60% 92.7M 0s
 12350K .......... .......... .......... .......... .......... 60%  101M 0s
 12400K .......... .......... .......... .......... .......... 60% 85.1M 0s
 12450K .......... .......... .......... .......... .......... 60% 85.0M 0s
 12500K .......... .......... .......... .......... .......... 61% 85.3M 0s
 12550K .......... .......... .......... .......... .......... 61% 99.4M 0s
 12600K .......... .......... .......... .......... .......... 61% 60.1M 0s
 12650K .......... .......... .......... .......... .......... 61% 87.0M 0s
 12700K .......... .......... .......... .......... .......... 62% 84.0M 0s
 12750K .......... .......... .......... .......... .......... 62% 88.8M 0s
 12800K .......... .......... .......... .......... .......... 62% 87.8M 0s
 12850K .......... .......... .......... .......... .......... 62%  100M 0s
 12900K .......... .......... .......... .......... .......... 63% 87.8M 0s
 12950K .......... .......... .......... .......... .......... 63% 52.5M 0s
 13000K .......... .......... .......... .......... .......... 63% 89.4M 0s
 13050K .......... .......... .......... .......... .......... 63% 86.5M 0s
 13100K .......... .......... .......... .......... .......... 64% 81.7M 0s
 13150K .......... .......... .......... .......... .......... 64% 86.8M 0s
 13200K .......... .......... .......... .......... .......... 64% 87.1M 0s
 13250K .......... .......... .......... .......... .......... 64% 92.3M 0s
 13300K .......... .......... .......... .......... .......... 65% 92.8M 0s
 13350K .......... .......... .......... .......... .......... 65% 60.2M 0s
 13400K .......... .......... .......... .......... .......... 65% 81.8M 0s
 13450K .......... .......... .......... .......... .......... 65% 87.6M 0s
 13500K .......... .......... .......... .......... .......... 66% 90.0M 0s
 13550K .......... .......... .......... .......... .......... 66% 93.8M 0s
 13600K .......... .......... .......... .......... .......... 66% 89.4M 0s
 13650K .......... .......... .......... .......... .......... 66% 91.9M 0s
 13700K .......... .......... .......... .......... .......... 67% 58.3M 0s
 13750K .......... .......... .......... .......... .......... 67% 80.1M 0s
 13800K .......... .......... .......... .......... .......... 67% 80.2M 0s
 13850K .......... .......... .......... .......... .......... 67% 97.4M 0s
 13900K .......... .......... .......... .......... .......... 68% 88.3M 0s
 13950K .......... .......... .......... .......... .......... 68% 84.8M 0s
 14000K .......... .......... .......... .......... .......... 68% 84.9M 0s
 14050K .......... .......... .......... .......... .......... 68% 95.5M 0s
 14100K .......... .......... .......... .......... .......... 69% 56.5M 0s
 14150K .......... .......... .......... .......... .......... 69% 86.8M 0s
 14200K .......... .......... .......... .......... .......... 69% 87.8M 0s
 14250K .......... .......... .......... .......... .......... 69% 99.4M 0s
 14300K .......... .......... .......... .......... .......... 69% 91.6M 0s
 14350K .......... .......... .......... .......... .......... 70% 92.4M 0s
 14400K .......... .......... .......... .......... .......... 70% 92.1M 0s
 14450K .......... .......... .......... .......... .......... 70% 85.1M 0s
 14500K .......... .......... .......... .......... .......... 70% 58.6M 0s
 14550K .......... .......... .......... .......... .......... 71% 89.5M 0s
 14600K .......... .......... .......... .......... .......... 71% 88.6M 0s
 14650K .......... .......... .......... .......... .......... 71% 95.4M 0s
 14700K .......... .......... .......... .......... .......... 71%  107M 0s
 14750K .......... .......... .......... .......... .......... 72% 92.1M 0s
 14800K .......... .......... .......... .......... .......... 72% 88.8M 0s
 14850K .......... .......... .......... .......... .......... 72% 92.8M 0s
 14900K .......... .......... .......... .......... .......... 72% 58.4M 0s
 14950K .......... .......... .......... .......... .......... 73% 84.2M 0s
 15000K .......... .......... .......... .......... .......... 73% 90.9M 0s
 15050K .......... .......... .......... .......... .......... 73% 91.2M 0s
 15100K .......... .......... .......... .......... .......... 73% 99.3M 0s
 15150K .......... .......... .......... .......... .......... 74% 90.3M 0s
 15200K .......... .......... .......... .......... .......... 74% 90.3M 0s
 15250K .......... .......... .......... .......... .......... 74% 86.5M 0s
 15300K .......... .......... .......... .......... .......... 74% 59.7M 0s
 15350K .......... .......... .......... .......... .......... 75% 91.6M 0s
 15400K .......... .......... .......... .......... .......... 75% 86.8M 0s
 15450K .......... .......... .......... .......... .......... 75% 85.9M 0s
 15500K .......... .......... .......... .......... .......... 75% 94.8M 0s
 15550K .......... .......... .......... .......... .......... 76% 95.4M 0s
 15600K .......... .......... .......... .......... .......... 76% 88.9M 0s
 15650K .......... .......... .......... .......... .......... 76% 86.9M 0s
 15700K .......... .......... .......... .......... .......... 76% 61.0M 0s
 15750K .......... .......... .......... .......... .......... 77% 90.8M 0s
 15800K .......... .......... .......... .......... .......... 77% 86.1M 0s
 15850K .......... .......... .......... .......... .......... 77% 90.6M 0s
 15900K .......... .......... .......... .......... .......... 77% 86.3M 0s
 15950K .......... .......... .......... .......... .......... 78%  103M 0s
 16000K .......... .......... .......... .......... .......... 78% 87.5M 0s
 16050K .......... .......... .......... .......... .......... 78% 90.2M 0s
 16100K .......... .......... .......... .......... .......... 78% 60.9M 0s
 16150K .......... .......... .......... .......... .......... 79% 88.0M 0s
 16200K .......... .......... .......... .......... .......... 79% 86.7M 0s
 16250K .......... .......... .......... .......... .......... 79% 87.2M 0s
 16300K .......... .......... .......... .......... .......... 79% 89.4M 0s
 16350K .......... .......... .......... .......... .......... 79% 91.7M 0s
 16400K .......... .......... .......... .......... .......... 80%  105M 0s
 16450K .......... .......... .......... .......... .......... 80% 58.8M 0s
 16500K .......... .......... .......... .......... .......... 80% 77.3M 0s
 16550K .......... .......... .......... .......... .......... 80% 86.2M 0s
 16600K .......... .......... .......... .......... .......... 81% 85.3M 0s
 16650K .......... .......... .......... .......... .......... 81% 88.2M 0s
 16700K .......... .......... .......... .......... .......... 81% 89.4M 0s
 16750K .......... .......... .......... .......... .......... 81% 90.7M 0s
 16800K .......... .......... .......... .......... .......... 82% 58.6M 0s
 16850K .......... .......... .......... .......... .......... 82% 81.7M 0s
 16900K .......... .......... .......... .......... .......... 82% 89.8M 0s
 16950K .......... .......... .......... .......... .......... 82% 87.1M 0s
 17000K .......... .......... .......... .......... .......... 83% 88.6M 0s
 17050K .......... .......... .......... .......... .......... 83% 89.1M 0s
 17100K .......... .......... .......... .......... .......... 83% 92.8M 0s
 17150K .......... .......... .......... .......... .......... 83% 60.0M 0s
 17200K .......... .......... .......... .......... .......... 84% 96.9M 0s
 17250K .......... .......... .......... .......... .......... 84%  103M 0s
 17300K .......... .......... .......... .......... .......... 84% 66.4K 0s
 17350K .......... .......... .......... .......... .......... 84% 69.1M 0s
 17400K .......... .......... .......... .......... .......... 85% 77.4M 0s
 17450K .......... .......... .......... .......... .......... 85%  143M 0s
 17500K .......... .......... .......... .......... .......... 85%  153M 0s
 17550K .......... .......... .......... .......... .......... 85% 14.4M 0s
 17600K .......... .......... .......... .......... .......... 86% 33.8M 0s
 17650K .......... .......... .......... .......... .......... 86% 33.2M 0s
 17700K .......... .......... .......... .......... .......... 86% 65.4M 0s
 17750K .......... .......... .......... .......... .......... 86% 39.2M 0s
 17800K .......... .......... .......... .......... .......... 87% 75.2M 0s
 17850K .......... .......... .......... .......... .......... 87% 20.5M 0s
 17900K .......... .......... .......... .......... .......... 87% 60.8M 0s
 17950K .......... .......... .......... .......... .......... 87% 61.6M 0s
 18000K .......... .......... .......... .......... .......... 88% 85.1M 0s
 18050K .......... .......... .......... .......... .......... 88% 16.8M 0s
 18100K .......... .......... .......... .......... .......... 88% 63.2M 0s
 18150K .......... .......... .......... .......... .......... 88% 69.8M 0s
 18200K .......... .......... .......... .......... .......... 89% 66.2M 0s
 18250K .......... .......... .......... .......... .......... 89% 68.7M 0s
 18300K .......... .......... .......... .......... .......... 89% 14.6M 0s
 18350K .......... .......... .......... .......... .......... 89% 66.8M 0s
 18400K .......... .......... .......... .......... .......... 89% 60.4M 0s
 18450K .......... .......... .......... .......... .......... 90% 66.7M 0s
 18500K .......... .......... .......... .......... .......... 90% 82.6M 0s
 18550K .......... .......... .......... .......... .......... 90%  442K 0s
 18600K .......... .......... .......... .......... .......... 90% 54.2M 0s
 18650K .......... .......... .......... .......... .......... 91% 86.5M 0s
 18700K .......... .......... .......... .......... .......... 91% 88.2M 0s
 18750K .......... .......... .......... .......... .......... 91% 83.6M 0s
 18800K .......... .......... .......... .......... .......... 91% 97.6M 0s
 18850K .......... .......... .......... .......... .......... 92% 87.8M 0s
 18900K .......... .......... .......... .......... .......... 92% 87.6M 0s
 18950K .......... .......... .......... .......... .......... 92% 52.7M 0s
 19000K .......... .......... .......... .......... .......... 92% 85.5M 0s
 19050K .......... .......... .......... .......... .......... 93% 83.6M 0s
 19100K .......... .......... .......... .......... .......... 93% 84.2M 0s
 19150K .......... .......... .......... .......... .......... 93% 87.4M 0s
 19200K .......... .......... .......... .......... .......... 93% 92.3M 0s
 19250K .......... .......... .......... .......... .......... 94% 57.8M 0s
 19300K .......... .......... .......... .......... .......... 94% 66.9M 0s
 19350K .......... .......... .......... .......... .......... 94% 85.0M 0s
 19400K .......... .......... .......... .......... .......... 94% 85.4M 0s
 19450K .......... .......... .......... .......... .......... 95% 88.7M 0s
 19500K .......... .......... .......... .......... .......... 95% 84.4M 0s
 19550K .......... .......... .......... .......... .......... 95% 81.1M 0s
 19600K .......... .......... .......... .......... .......... 95% 56.2M 0s
 19650K .......... .......... .......... .......... .......... 96% 92.2M 0s
 19700K .......... .......... .......... .......... .......... 96% 21.8M 0s
 19750K .......... .......... .......... .......... .......... 96% 56.3M 0s
 19800K .......... .......... .......... .......... .......... 96% 81.6M 0s
 19850K .......... .......... .......... .......... .......... 97% 87.8M 0s
 19900K .......... .......... .......... .......... .......... 97% 86.2M 0s
 19950K .......... .......... .......... .......... .......... 97% 89.4M 0s
 20000K .......... .......... .......... .......... .......... 97% 90.5M 0s
 20050K .......... .......... .......... .......... .......... 98% 92.5M 0s
 20100K .......... .......... .......... .......... .......... 98%  102M 0s
 20150K .......... .......... .......... .......... .......... 98% 44.8M 0s
 20200K .......... .......... .......... .......... .......... 98% 87.1M 0s
 20250K .......... .......... .......... .......... .......... 98% 87.9M 0s
 20300K .......... .......... .......... .......... .......... 99% 90.0M 0s
 20350K .......... .......... .......... .......... .......... 99% 86.4M 0s
 20400K .......... .......... .......... .......... .......... 99% 90.3M 0s
 20450K .......... .......... .......... .......... .......... 99% 51.3M 0s
 20500K .....                                                 100% 9740G=1.2s

2023-05-24 15:11:25 (17.4 MB/s) - ‘/tmp/platform-engine.zip’ saved [20997229/20997229]

Archive:  /tmp/platform-engine.zip
  inflating: /opt/elasticbeanstalk/bin/platform-engine  
  inflating: /opt/elasticbeanstalk/bin/publishlogs  
  inflating: /opt/elasticbeanstalk/bin/get-config  
  inflating: /opt/elasticbeanstalk/bin/pkg-repo  
  inflating: /opt/elasticbeanstalk/config/private/aws-eb-command-handler.conf  
  inflating: /opt/elasticbeanstalk/config/private/beanstalk-magic  
  inflating: /opt/elasticbeanstalk/config/private/cfn-hup-wrapper  
  inflating: /opt/elasticbeanstalk/config/private/cfn-hup.conf.template  
  inflating: /opt/elasticbeanstalk/config/private/containercommandsupport/container-defaults.sh  
  inflating: /opt/elasticbeanstalk/config/private/containercommandsupport/leader-test.sh  
  inflating: /opt/elasticbeanstalk/config/private/eb-banner.template  
  inflating: /opt/elasticbeanstalk/config/private/guidlocking/repo.py  
  inflating: /opt/elasticbeanstalk/config/private/healthd/config.yaml.template  
  inflating: /opt/elasticbeanstalk/config/private/healthd/healthd_httpd.conf  
  inflating: /opt/elasticbeanstalk/config/private/healthd/healthd_logformat.conf  
  inflating: /opt/elasticbeanstalk/config/private/healthd/healthd_nginx.conf  
  inflating: /opt/elasticbeanstalk/config/private/healthd/logcleanup-cron.template  
  inflating: /opt/elasticbeanstalk/config/private/healthd/healthddependency  
  inflating: /opt/elasticbeanstalk/config/private/httpd/applicationport.conf.template  
  inflating: /opt/elasticbeanstalk/config/private/httpd/gzip.conf  
  inflating: /opt/elasticbeanstalk/config/private/httpd/staticfilesmapping.conf.template  
  inflating: /opt/elasticbeanstalk/config/private/httpd/httpd.conf.template  
  inflating: /opt/elasticbeanstalk/config/private/logrotate/logrotate-cron.template  
  inflating: /opt/elasticbeanstalk/config/private/logrotate/logrotate.template  
  inflating: /opt/elasticbeanstalk/config/private/logtasks/cron/publishlogs  
  inflating: /opt/elasticbeanstalk/config/private/nginx/applicationport.conf.template  
  inflating: /opt/elasticbeanstalk/config/private/nginx/nginx.conf.template  
  inflating: /opt/elasticbeanstalk/config/private/nginx/staticfilesmapping.conf.template  
  inflating: /opt/elasticbeanstalk/config/private/python/sitecustomize.py  
 extracting: /opt/elasticbeanstalk/config/private/restartcfn.sh  
  inflating: /opt/elasticbeanstalk/config/private/restartcloudwatchagent.sh  
  inflating: /opt/elasticbeanstalk/config/private/rsyslog.conf.template  
  inflating: /opt/elasticbeanstalk/config/private/ruby_common_env  
  inflating: /opt/elasticbeanstalk/config/private/sqsd/default.yaml.template  
  inflating: /opt/elasticbeanstalk/config/private/sqsd/sqsdversion.json  
  inflating: /opt/elasticbeanstalk/config/private/systemd-append.template  
  inflating: /opt/elasticbeanstalk/config/private/aws-eb.target  
  inflating: /opt/elasticbeanstalk/config/private/systemd.template  
  inflating: /opt/elasticbeanstalk/tasks/bundlelogs.d/cfn-system.conf  
 extracting: /opt/elasticbeanstalk/tasks/bundlelogs.d/cloud-init-system.conf  
  inflating: /opt/elasticbeanstalk/tasks/bundlelogs.d/eb-app.conf  
 extracting: /opt/elasticbeanstalk/tasks/bundlelogs.d/eb-hooks.conf  
  inflating: /opt/elasticbeanstalk/tasks/bundlelogs.d/eb-system.conf  
 extracting: /opt/elasticbeanstalk/tasks/bundlelogs.d/rotate.conf  
  inflating: /opt/elasticbeanstalk/tasks/bundlelogs.d/system.conf  
 extracting: /opt/elasticbeanstalk/tasks/publishlogs.d/eb-app.conf  
  inflating: /opt/elasticbeanstalk/tasks/taillogs.d/eb-app.conf  
  inflating: /opt/elasticbeanstalk/tasks/taillogs.d/eb-engine.conf  
[2023-05-24T15:11:28.922Z] Successfully bootstrapped instance.
[2023-05-24T15:11:28.929Z] Sending signal 0 to CFN wait condition https://cloudformation-waitcondition-ap-south-1.s3.ap-south-1.amazonaws.com/arn%3Aaws%3Acloudformation%3Aap-south-1%3A075370605157%3Astack/awseb-e-iqggcrpkfm-stack/23bdc480-fa45-11ed-bf21-0223640e7e62/AWSEBInstanceLaunchWaitHandle?X-Amz-Algorithm=AWS4-HMAC-SHA256&X-Amz-Date=20230524T151042Z&X-Amz-SignedHeaders=host&X-Amz-Expires=86399&X-Amz-Credential=AKIARN2TU4VHANVLYVMW%2F20230524%2Fap-south-1%2Fs3%2Faws4_request&X-Amz-Signature=638657f15752fcde37786b617d410a8057e2264a1ea7f36a4148bcc9266e052c
CloudFormation signaled successfully with %s.
[2023-05-24T15:11:29.359Z] Tailing /var/log/eb-commandprocessor.log

******************* eb-commandprocessor taillog *******************
***eb-commandprocessor is not available yet.***
******************* End of taillog *******************


[2023-05-24T15:11:29.382Z] Tailing /var/log/eb-activity.log

******************* eb-activity taillog *******************
***eb-activity is not available yet.***
******************* End of taillog *******************


[2023-05-24T15:11:29.406Z] Tailing /var/log/eb-tools.log

******************* eb-tools taillog *******************
***eb-tools is not available yet.***
******************* End of taillog *******************


[2023-05-24T15:11:29.422Z] Tailing /var/log/eb-version-deployment.log

******************* eb-version-deployment taillog *******************
***eb-version-deployment is not available yet.***
******************* End of taillog *******************


[2023-05-24T15:11:29.427Z] Tailing /var/log/cfn-init.log

******************* cfn-init taillog *******************
2023-05-24 15:11:24,390 [INFO] -----------------------Starting build-----------------------
2023-05-24 15:11:24,395 [INFO] Running configSets: _OnInstanceBoot
2023-05-24 15:11:24,398 [INFO] Running configSet _OnInstanceBoot
2023-05-24 15:11:24,400 [INFO] Running config AWSEBBaseConfig
2023-05-24 15:11:24,562 [INFO] Command clearbackupfiles succeeded
2023-05-24 15:11:24,565 [INFO] Running config AWSEBCfnHupEndpointOverride
2023-05-24 15:11:24,569 [INFO] Command clearbackupfiles succeeded
2023-05-24 15:11:24,570 [INFO] ConfigSets completed
2023-05-24 15:11:24,571 [INFO] -----------------------Build complete-----------------------
******************* End of taillog *******************


[2023-05-24T15:11:29.437Z] Tailing /var/log/cfn-hup.log

******************* cfn-hup taillog *******************
2023-05-24 15:11:29,217 [DEBUG] CloudFormation client initialized with endpoint https://cloudformation.ap-south-1.amazonaws.com
2023-05-24 15:11:29,218 [DEBUG] SQS client initialized with endpoint https://sqs.ap-south-1.amazonaws.com
2023-05-24 15:11:29,218 [DEBUG] CloudFormation client initialized with endpoint https://cloudformation.ap-south-1.amazonaws.com
2023-05-24 15:11:29,218 [DEBUG] Enabled single threading mode.
2023-05-24 15:11:29,218 [DEBUG] Creating /var/lib/cfn-hup/data
2023-05-24 15:11:29,227 [INFO] No umask value specified in config file. Using the default one: 0o22
******************* End of taillog *******************


[2023-05-24T15:11:29.440Z] Completed EB Bootstrapping Script.
+ RESULT=0
+ [[ 0 -ne 0 ]]
+ exit 0
